# project  configured on Sun Mar  1 23:05:57 2015 by
# waf 1.7.11 (abi 98, python 20706f0 on darwin)
# using /Users/nicholaszetzl/pebble-dev/PebbleSDK-3.0-dp1/Pebble/waf configure build
#
----------------------------------------
Setting top to
/Users/nicholaszetzl/Documents/Hackathons/HackIllinois/PebbleAwesomeness/WOTD
----------------------------------------
Setting out to
/Users/nicholaszetzl/Documents/Hackathons/HackIllinois/PebbleAwesomeness/WOTD/build
----------------------------------------
Found Pebble SDK for aplite in:
/Users/nicholaszetzl/pebble-dev/PebbleSDK-3.0-dp1/Pebble/aplite
----------------------------------------
Checking for program gcc,cc
arm-none-eabi-gcc
find program=['gcc', 'cc'] paths='' var='CC' -> 'arm-none-eabi-gcc'
----------------------------------------
Checking for program ar
arm-none-eabi-ar
find program=['ar'] paths='' var='AR' -> 'arm-none-eabi-ar'
----------------------------------------
Found Pebble SDK for basalt in:
/Users/nicholaszetzl/pebble-dev/PebbleSDK-3.0-dp1/Pebble/basalt
----------------------------------------
Checking for program gcc,cc
arm-none-eabi-gcc
find program=['gcc', 'cc'] paths='' var='CC' -> 'arm-none-eabi-gcc'
----------------------------------------
Checking for program ar
arm-none-eabi-ar
find program=['ar'] paths='' var='AR' -> 'arm-none-eabi-ar'
